{"E:\\Documents - data drive\\futureproof\\ProjectWeek\\week_1\\anony_blog\\server\\data.js": {"path":"E:\\Documents - data drive\\futureproof\\ProjectWeek\\week_1\\anony_blog\\server\\data.js","statementMap":{"0":{"start":{"line":8,"column":18},"end":{"line":10,"column":5}},"1":{"start":{"line":12,"column":0},"end":{"line":12,"column":25}}},"fnMap":{},"branchMap":{},"s":{"0":2,"1":2},"f":{},"b":{},"_coverageSchema":"1a1c01bbd47fc00a2c39e90264f33305004495a9","hash":"9f2702ad20190518f50072daf19d327a9c65c5d1"}
,"E:\\Documents - data drive\\futureproof\\ProjectWeek\\week_1\\anony_blog\\server\\server.js": {"path":"E:\\Documents - data drive\\futureproof\\ProjectWeek\\week_1\\anony_blog\\server\\server.js","statementMap":{"0":{"start":{"line":1,"column":16},"end":{"line":1,"column":34}},"1":{"start":{"line":2,"column":13},"end":{"line":2,"column":28}},"2":{"start":{"line":3,"column":12},"end":{"line":3,"column":21}},"3":{"start":{"line":6,"column":0},"end":{"line":6,"column":23}},"4":{"start":{"line":7,"column":0},"end":{"line":7,"column":16}},"5":{"start":{"line":10,"column":21},"end":{"line":10,"column":58}},"6":{"start":{"line":11,"column":0},"end":{"line":11,"column":26}},"7":{"start":{"line":13,"column":0},"end":{"line":15,"column":3}},"8":{"start":{"line":14,"column":4},"end":{"line":14,"column":34}},"9":{"start":{"line":17,"column":0},"end":{"line":17,"column":21}}},"fnMap":{"0":{"name":"(anonymous_0)","decl":{"start":{"line":13,"column":13},"end":{"line":13,"column":14}},"loc":{"start":{"line":13,"column":27},"end":{"line":15,"column":1}},"line":13}},"branchMap":{},"s":{"0":1,"1":1,"2":1,"3":1,"4":1,"5":1,"6":1,"7":1,"8":1,"9":1},"f":{"0":1},"b":{},"_coverageSchema":"1a1c01bbd47fc00a2c39e90264f33305004495a9","hash":"e8bb2fe79b5b86e872725774cfe41a252a1ba6a2"}
,"E:\\Documents - data drive\\futureproof\\ProjectWeek\\week_1\\anony_blog\\server\\controller\\controller.js": {"path":"E:\\Documents - data drive\\futureproof\\ProjectWeek\\week_1\\anony_blog\\server\\controller\\controller.js","statementMap":{"0":{"start":{"line":1,"column":16},"end":{"line":1,"column":34}},"1":{"start":{"line":2,"column":16},"end":{"line":2,"column":42}},"2":{"start":{"line":3,"column":15},"end":{"line":3,"column":31}},"3":{"start":{"line":4,"column":17},"end":{"line":4,"column":38}},"4":{"start":{"line":6,"column":0},"end":{"line":12,"column":2}},"5":{"start":{"line":8,"column":2},"end":{"line":8,"column":35}},"6":{"start":{"line":9,"column":23},"end":{"line":9,"column":34}},"7":{"start":{"line":10,"column":2},"end":{"line":10,"column":41}},"8":{"start":{"line":11,"column":2},"end":{"line":11,"column":24}},"9":{"start":{"line":14,"column":0},"end":{"line":19,"column":2}},"10":{"start":{"line":15,"column":15},"end":{"line":15,"column":23}},"11":{"start":{"line":17,"column":21},"end":{"line":17,"column":41}},"12":{"start":{"line":18,"column":2},"end":{"line":18,"column":34}},"13":{"start":{"line":21,"column":0},"end":{"line":27,"column":2}},"14":{"start":{"line":22,"column":15},"end":{"line":22,"column":23}},"15":{"start":{"line":24,"column":26},"end":{"line":24,"column":58}},"16":{"start":{"line":26,"column":2},"end":{"line":26,"column":39}},"17":{"start":{"line":30,"column":0},"end":{"line":35,"column":2}},"18":{"start":{"line":31,"column":15},"end":{"line":31,"column":23}},"19":{"start":{"line":32,"column":26},"end":{"line":32,"column":57}},"20":{"start":{"line":33,"column":2},"end":{"line":33,"column":39}},"21":{"start":{"line":45,"column":0},"end":{"line":45,"column":23}}},"fnMap":{"0":{"name":"(anonymous_0)","decl":{"start":{"line":6,"column":24},"end":{"line":6,"column":25}},"loc":{"start":{"line":6,"column":37},"end":{"line":12,"column":1}},"line":6},"1":{"name":"(anonymous_1)","decl":{"start":{"line":14,"column":23},"end":{"line":14,"column":24}},"loc":{"start":{"line":14,"column":36},"end":{"line":19,"column":1}},"line":14},"2":{"name":"(anonymous_2)","decl":{"start":{"line":21,"column":38},"end":{"line":21,"column":39}},"loc":{"start":{"line":21,"column":52},"end":{"line":27,"column":1}},"line":21},"3":{"name":"(anonymous_3)","decl":{"start":{"line":30,"column":37},"end":{"line":30,"column":38}},"loc":{"start":{"line":30,"column":50},"end":{"line":35,"column":1}},"line":30}},"branchMap":{},"s":{"0":1,"1":1,"2":1,"3":1,"4":1,"5":1,"6":1,"7":1,"8":1,"9":1,"10":0,"11":0,"12":0,"13":1,"14":0,"15":0,"16":0,"17":1,"18":0,"19":0,"20":0,"21":1},"f":{"0":1,"1":0,"2":0,"3":0},"b":{},"_coverageSchema":"1a1c01bbd47fc00a2c39e90264f33305004495a9","hash":"a68e9e468c80ce174f3e205778a93c10e2f01235"}
,"E:\\Documents - data drive\\futureproof\\ProjectWeek\\week_1\\anony_blog\\server\\models\\model.js": {"path":"E:\\Documents - data drive\\futureproof\\ProjectWeek\\week_1\\anony_blog\\server\\models\\model.js","statementMap":{"0":{"start":{"line":1,"column":17},"end":{"line":1,"column":35}},"1":{"start":{"line":2,"column":21},"end":{"line":2,"column":39}},"2":{"start":{"line":7,"column":6},"end":{"line":7,"column":23}},"3":{"start":{"line":8,"column":6},"end":{"line":8,"column":29}},"4":{"start":{"line":9,"column":6},"end":{"line":9,"column":37}},"5":{"start":{"line":10,"column":6},"end":{"line":10,"column":41}},"6":{"start":{"line":11,"column":6},"end":{"line":11,"column":35}},"7":{"start":{"line":12,"column":6},"end":{"line":12,"column":37}},"8":{"start":{"line":13,"column":6},"end":{"line":13,"column":31}},"9":{"start":{"line":16,"column":6},"end":{"line":16,"column":43}},"10":{"start":{"line":17,"column":23},"end":{"line":17,"column":74}},"11":{"start":{"line":17,"column":53},"end":{"line":17,"column":73}},"12":{"start":{"line":18,"column":6},"end":{"line":18,"column":48}},"13":{"start":{"line":19,"column":6},"end":{"line":19,"column":38}},"14":{"start":{"line":20,"column":6},"end":{"line":20,"column":21}},"15":{"start":{"line":23,"column":27},"end":{"line":23,"column":49}},"16":{"start":{"line":25,"column":25},"end":{"line":25,"column":67}},"17":{"start":{"line":26,"column":6},"end":{"line":26,"column":36}},"18":{"start":{"line":27,"column":6},"end":{"line":27,"column":27}},"19":{"start":{"line":30,"column":17},"end":{"line":30,"column":36}},"20":{"start":{"line":31,"column":23},"end":{"line":31,"column":45}},"21":{"start":{"line":33,"column":6},"end":{"line":33,"column":47}},"22":{"start":{"line":34,"column":6},"end":{"line":34,"column":35}},"23":{"start":{"line":35,"column":6},"end":{"line":35,"column":26}},"24":{"start":{"line":38,"column":17},"end":{"line":38,"column":36}},"25":{"start":{"line":39,"column":22},"end":{"line":39,"column":42}},"26":{"start":{"line":41,"column":6},"end":{"line":41,"column":45}},"27":{"start":{"line":44,"column":2},"end":{"line":44,"column":26}}},"fnMap":{"0":{"name":"(anonymous_0)","decl":{"start":{"line":6,"column":4},"end":{"line":6,"column":5}},"loc":{"start":{"line":6,"column":21},"end":{"line":14,"column":5}},"line":6},"1":{"name":"(anonymous_1)","decl":{"start":{"line":15,"column":4},"end":{"line":15,"column":5}},"loc":{"start":{"line":15,"column":20},"end":{"line":21,"column":5}},"line":15},"2":{"name":"(anonymous_2)","decl":{"start":{"line":17,"column":40},"end":{"line":17,"column":41}},"loc":{"start":{"line":17,"column":53},"end":{"line":17,"column":73}},"line":17},"3":{"name":"(anonymous_3)","decl":{"start":{"line":22,"column":4},"end":{"line":22,"column":5}},"loc":{"start":{"line":22,"column":28},"end":{"line":28,"column":5}},"line":22},"4":{"name":"(anonymous_4)","decl":{"start":{"line":29,"column":4},"end":{"line":29,"column":5}},"loc":{"start":{"line":29,"column":45},"end":{"line":36,"column":5}},"line":29},"5":{"name":"(anonymous_5)","decl":{"start":{"line":37,"column":4},"end":{"line":37,"column":5}},"loc":{"start":{"line":37,"column":43},"end":{"line":42,"column":5}},"line":37}},"branchMap":{},"s":{"0":2,"1":2,"2":3,"3":3,"4":3,"5":3,"6":3,"7":3,"8":3,"9":2,"10":2,"11":2,"12":2,"13":2,"14":2,"15":0,"16":0,"17":0,"18":0,"19":0,"20":0,"21":0,"22":0,"23":0,"24":0,"25":0,"26":0,"27":2},"f":{"0":3,"1":2,"2":2,"3":0,"4":0,"5":0},"b":{},"_coverageSchema":"1a1c01bbd47fc00a2c39e90264f33305004495a9","hash":"e713463f4471a0f7e1560ad090dda8c4826e2156"}
}
