TN:
SF:data.js
FNF:0
FNH:0
DA:1,2
DA:11,2
LF:2
LH:2
BRF:0
BRH:0
end_of_record
TN:
SF:server.js
FN:13,(anonymous_0)
FNF:1
FNH:1
FNDA:1,(anonymous_0)
DA:1,1
DA:2,1
DA:3,1
DA:6,1
DA:7,1
DA:10,1
DA:11,1
DA:13,1
DA:14,1
DA:17,1
LF:10
LH:10
BRF:0
BRH:0
end_of_record
TN:
SF:controller\controller.js
FN:6,(anonymous_0)
FN:14,(anonymous_1)
FN:21,(anonymous_2)
FN:30,(anonymous_3)
FNF:4
FNH:1
FNDA:1,(anonymous_0)
FNDA:0,(anonymous_1)
FNDA:0,(anonymous_2)
FNDA:0,(anonymous_3)
DA:1,1
DA:2,1
DA:3,1
DA:4,1
DA:6,1
DA:8,1
DA:9,1
DA:10,1
DA:11,1
DA:14,1
DA:15,0
DA:17,0
DA:18,0
DA:21,1
DA:22,0
DA:24,0
DA:26,0
DA:30,1
DA:31,0
DA:32,0
DA:33,0
DA:45,1
LF:22
LH:13
BRF:0
BRH:0
end_of_record
TN:
SF:models\model.js
FN:6,(anonymous_0)
FN:15,(anonymous_1)
FN:17,(anonymous_2)
FN:22,(anonymous_3)
FN:29,(anonymous_4)
FN:37,(anonymous_5)
FNF:6
FNH:3
FNDA:9,(anonymous_0)
FNDA:2,(anonymous_1)
FNDA:8,(anonymous_2)
FNDA:0,(anonymous_3)
FNDA:0,(anonymous_4)
FNDA:0,(anonymous_5)
DA:1,2
DA:2,2
DA:7,9
DA:8,9
DA:9,9
DA:10,9
DA:11,9
DA:12,9
DA:13,9
DA:16,2
DA:17,8
DA:18,2
DA:19,2
DA:20,2
DA:23,0
DA:25,0
DA:26,0
DA:27,0
DA:30,0
DA:31,0
DA:33,0
DA:34,0
DA:35,0
DA:38,0
DA:39,0
DA:41,0
DA:44,2
LF:27
LH:15
BRF:0
BRH:0
end_of_record
