{"E:\\Documents - data drive\\futureproof\\ProjectWeek\\week_1\\anony_blog\\client\\static\\js\\cardCreation.js": {"path":"E:\\Documents - data drive\\futureproof\\ProjectWeek\\week_1\\anony_blog\\client\\static\\js\\cardCreation.js","statementMap":{"0":{"start":{"line":1,"column":20},"end":{"line":1,"column":36}},"1":{"start":{"line":5,"column":4},"end":{"line":5,"column":95}},"2":{"start":{"line":5,"column":59},"end":{"line":5,"column":74}},"3":{"start":{"line":11,"column":4},"end":{"line":11,"column":32}},"4":{"start":{"line":13,"column":21},"end":{"line":13,"column":37}},"5":{"start":{"line":14,"column":4},"end":{"line":41,"column":6}},"6":{"start":{"line":15,"column":8},"end":{"line":38,"column":9}},"7":{"start":{"line":17,"column":28},"end":{"line":17,"column":60}},"8":{"start":{"line":20,"column":12},"end":{"line":34,"column":13}},"9":{"start":{"line":22,"column":29},"end":{"line":22,"column":44}},"10":{"start":{"line":23,"column":16},"end":{"line":23,"column":27}},"11":{"start":{"line":26,"column":29},"end":{"line":26,"column":62}},"12":{"start":{"line":29,"column":16},"end":{"line":29,"column":39}},"13":{"start":{"line":32,"column":16},"end":{"line":32,"column":62}},"14":{"start":{"line":35,"column":12},"end":{"line":35,"column":23}},"15":{"start":{"line":37,"column":12},"end":{"line":37,"column":24}},"16":{"start":{"line":44,"column":24},"end":{"line":51,"column":1}},"17":{"start":{"line":46,"column":20},"end":{"line":46,"column":63}},"18":{"start":{"line":47,"column":4},"end":{"line":49,"column":5}},"19":{"start":{"line":48,"column":8},"end":{"line":48,"column":24}},"20":{"start":{"line":54,"column":4},"end":{"line":57,"column":5}},"21":{"start":{"line":58,"column":4},"end":{"line":58,"column":24}},"22":{"start":{"line":60,"column":20},"end":{"line":66,"column":5}},"23":{"start":{"line":68,"column":4},"end":{"line":68,"column":77}},"24":{"start":{"line":68,"column":65},"end":{"line":68,"column":76}},"25":{"start":{"line":72,"column":20},"end":{"line":72,"column":64}},"26":{"start":{"line":73,"column":4},"end":{"line":73,"column":37}},"27":{"start":{"line":74,"column":4},"end":{"line":81,"column":5}},"28":{"start":{"line":74,"column":17},"end":{"line":74,"column":18}},"29":{"start":{"line":76,"column":8},"end":{"line":79,"column":10}},"30":{"start":{"line":77,"column":12},"end":{"line":77,"column":30}},"31":{"start":{"line":78,"column":12},"end":{"line":78,"column":27}},"32":{"start":{"line":85,"column":21},"end":{"line":85,"column":53}},"33":{"start":{"line":86,"column":25},"end":{"line":89,"column":5}},"34":{"start":{"line":90,"column":4},"end":{"line":90,"column":29}},"35":{"start":{"line":91,"column":20},"end":{"line":97,"column":5}},"36":{"start":{"line":98,"column":4},"end":{"line":98,"column":78}},"37":{"start":{"line":98,"column":66},"end":{"line":98,"column":77}},"38":{"start":{"line":102,"column":25},"end":{"line":102,"column":74}},"39":{"start":{"line":104,"column":4},"end":{"line":108,"column":5}},"40":{"start":{"line":104,"column":17},"end":{"line":104,"column":18}},"41":{"start":{"line":105,"column":8},"end":{"line":107,"column":10}},"42":{"start":{"line":106,"column":12},"end":{"line":106,"column":40}},"43":{"start":{"line":112,"column":20},"end":{"line":112,"column":22}},"44":{"start":{"line":113,"column":27},"end":{"line":113,"column":29}},"45":{"start":{"line":114,"column":4},"end":{"line":122,"column":5}},"46":{"start":{"line":115,"column":8},"end":{"line":121,"column":9}},"47":{"start":{"line":116,"column":12},"end":{"line":116,"column":46}},"48":{"start":{"line":117,"column":15},"end":{"line":121,"column":9}},"49":{"start":{"line":118,"column":12},"end":{"line":118,"column":35}},"50":{"start":{"line":120,"column":12},"end":{"line":120,"column":33}},"51":{"start":{"line":123,"column":4},"end":{"line":129,"column":5}},"52":{"start":{"line":125,"column":25},"end":{"line":125,"column":50}},"53":{"start":{"line":126,"column":8},"end":{"line":128,"column":9}},"54":{"start":{"line":127,"column":12},"end":{"line":127,"column":68}},"55":{"start":{"line":130,"column":4},"end":{"line":130,"column":27}},"56":{"start":{"line":134,"column":4},"end":{"line":134,"column":47}},"57":{"start":{"line":136,"column":26},"end":{"line":136,"column":28}},"58":{"start":{"line":137,"column":20},"end":{"line":137,"column":21}},"59":{"start":{"line":138,"column":8},"end":{"line":144,"column":9}},"60":{"start":{"line":139,"column":12},"end":{"line":143,"column":13}},"61":{"start":{"line":140,"column":35},"end":{"line":140,"column":89}},"62":{"start":{"line":141,"column":16},"end":{"line":141,"column":41}},"63":{"start":{"line":142,"column":16},"end":{"line":142,"column":26}},"64":{"start":{"line":145,"column":8},"end":{"line":145,"column":35}},"65":{"start":{"line":147,"column":29},"end":{"line":147,"column":64}},"66":{"start":{"line":148,"column":21},"end":{"line":199,"column":7}},"67":{"start":{"line":200,"column":4},"end":{"line":200,"column":19}},"68":{"start":{"line":204,"column":0},"end":{"line":204,"column":130}}},"fnMap":{"0":{"name":"getAllArticles","decl":{"start":{"line":4,"column":9},"end":{"line":4,"column":23}},"loc":{"start":{"line":4,"column":26},"end":{"line":7,"column":1}},"line":4},"1":{"name":"(anonymous_1)","decl":{"start":{"line":5,"column":45},"end":{"line":5,"column":46}},"loc":{"start":{"line":5,"column":59},"end":{"line":5,"column":74}},"line":5},"2":{"name":"buildDeck","decl":{"start":{"line":10,"column":9},"end":{"line":10,"column":18}},"loc":{"start":{"line":10,"column":21},"end":{"line":42,"column":1}},"line":10},"3":{"name":"(anonymous_3)","decl":{"start":{"line":14,"column":18},"end":{"line":14,"column":19}},"loc":{"start":{"line":14,"column":28},"end":{"line":41,"column":5}},"line":14},"4":{"name":"(anonymous_4)","decl":{"start":{"line":44,"column":24},"end":{"line":44,"column":25}},"loc":{"start":{"line":44,"column":36},"end":{"line":51,"column":1}},"line":44},"5":{"name":"sendComments","decl":{"start":{"line":53,"column":9},"end":{"line":53,"column":21}},"loc":{"start":{"line":53,"column":31},"end":{"line":69,"column":1}},"line":53},"6":{"name":"(anonymous_6)","decl":{"start":{"line":68,"column":59},"end":{"line":68,"column":60}},"loc":{"start":{"line":68,"column":65},"end":{"line":68,"column":76}},"line":68},"7":{"name":"showComments","decl":{"start":{"line":71,"column":9},"end":{"line":71,"column":21}},"loc":{"start":{"line":71,"column":24},"end":{"line":82,"column":1}},"line":71},"8":{"name":"(anonymous_8)","decl":{"start":{"line":76,"column":48},"end":{"line":76,"column":49}},"loc":{"start":{"line":76,"column":55},"end":{"line":79,"column":9}},"line":76},"9":{"name":"constructReactionData","decl":{"start":{"line":84,"column":9},"end":{"line":84,"column":30}},"loc":{"start":{"line":84,"column":38},"end":{"line":99,"column":1}},"line":84},"10":{"name":"(anonymous_10)","decl":{"start":{"line":98,"column":60},"end":{"line":98,"column":61}},"loc":{"start":{"line":98,"column":66},"end":{"line":98,"column":77}},"line":98},"11":{"name":"submitReaction","decl":{"start":{"line":101,"column":9},"end":{"line":101,"column":23}},"loc":{"start":{"line":101,"column":26},"end":{"line":109,"column":1}},"line":101},"12":{"name":"(anonymous_12)","decl":{"start":{"line":105,"column":50},"end":{"line":105,"column":51}},"loc":{"start":{"line":105,"column":61},"end":{"line":107,"column":9}},"line":105},"13":{"name":"reactionsHandler","decl":{"start":{"line":111,"column":9},"end":{"line":111,"column":25}},"loc":{"start":{"line":111,"column":42},"end":{"line":131,"column":1}},"line":111},"14":{"name":"cardTemplate","decl":{"start":{"line":133,"column":9},"end":{"line":133,"column":21}},"loc":{"start":{"line":133,"column":35},"end":{"line":201,"column":1}},"line":133},"15":{"name":"commentLoop","decl":{"start":{"line":135,"column":13},"end":{"line":135,"column":24}},"loc":{"start":{"line":135,"column":27},"end":{"line":146,"column":5}},"line":135}},"branchMap":{"0":{"loc":{"start":{"line":47,"column":4},"end":{"line":49,"column":5}},"type":"if","locations":[{"start":{"line":47,"column":4},"end":{"line":49,"column":5}},{"start":{},"end":{}}],"line":47},"1":{"loc":{"start":{"line":115,"column":8},"end":{"line":121,"column":9}},"type":"if","locations":[{"start":{"line":115,"column":8},"end":{"line":121,"column":9}},{"start":{"line":117,"column":15},"end":{"line":121,"column":9}}],"line":115},"2":{"loc":{"start":{"line":117,"column":15},"end":{"line":121,"column":9}},"type":"if","locations":[{"start":{"line":117,"column":15},"end":{"line":121,"column":9}},{"start":{"line":119,"column":15},"end":{"line":121,"column":9}}],"line":117},"3":{"loc":{"start":{"line":126,"column":8},"end":{"line":128,"column":9}},"type":"if","locations":[{"start":{"line":126,"column":8},"end":{"line":128,"column":9}},{"start":{},"end":{}}],"line":126},"4":{"loc":{"start":{"line":139,"column":12},"end":{"line":143,"column":13}},"type":"if","locations":[{"start":{"line":139,"column":12},"end":{"line":143,"column":13}},{"start":{},"end":{}}],"line":139}},"s":{"0":1,"1":4,"2":4,"3":3,"4":3,"5":3,"6":3,"7":3,"8":3,"9":0,"10":0,"11":0,"12":0,"13":0,"14":3,"15":0,"16":1,"17":1,"18":1,"19":0,"20":1,"21":1,"22":1,"23":1,"24":1,"25":0,"26":0,"27":0,"28":0,"29":0,"30":0,"31":0,"32":1,"33":1,"34":1,"35":1,"36":1,"37":1,"38":0,"39":0,"40":0,"41":0,"42":0,"43":0,"44":0,"45":0,"46":0,"47":0,"48":0,"49":0,"50":0,"51":0,"52":0,"53":0,"54":0,"55":0,"56":0,"57":0,"58":0,"59":0,"60":0,"61":0,"62":0,"63":0,"64":0,"65":0,"66":0,"67":0,"68":1},"f":{"0":4,"1":4,"2":3,"3":3,"4":1,"5":1,"6":1,"7":0,"8":0,"9":1,"10":1,"11":0,"12":0,"13":0,"14":0,"15":0},"b":{"0":[0,1],"1":[0,0],"2":[0,0],"3":[0,0],"4":[0,0]},"_coverageSchema":"1a1c01bbd47fc00a2c39e90264f33305004495a9","hash":"f295152ee4ec90f66184b93c1557ecbb95bcaacf"}
,"E:\\Documents - data drive\\futureproof\\ProjectWeek\\week_1\\anony_blog\\client\\static\\js\\handler.js": {"path":"E:\\Documents - data drive\\futureproof\\ProjectWeek\\week_1\\anony_blog\\client\\static\\js\\handler.js","statementMap":{"0":{"start":{"line":1,"column":22},"end":{"line":1,"column":47}},"1":{"start":{"line":2,"column":20},"end":{"line":2,"column":36}},"2":{"start":{"line":6,"column":4},"end":{"line":6,"column":26}},"3":{"start":{"line":7,"column":4},"end":{"line":7,"column":33}},"4":{"start":{"line":8,"column":4},"end":{"line":33,"column":5}},"5":{"start":{"line":9,"column":8},"end":{"line":9,"column":26}},"6":{"start":{"line":10,"column":28},"end":{"line":17,"column":9}},"7":{"start":{"line":18,"column":8},"end":{"line":18,"column":49}},"8":{"start":{"line":19,"column":24},"end":{"line":25,"column":9}},"9":{"start":{"line":28,"column":8},"end":{"line":28,"column":65}},"10":{"start":{"line":28,"column":53},"end":{"line":28,"column":64}},"11":{"start":{"line":29,"column":8},"end":{"line":29,"column":29}},"12":{"start":{"line":30,"column":8},"end":{"line":30,"column":58}},"13":{"start":{"line":32,"column":8},"end":{"line":32,"column":21}},"14":{"start":{"line":37,"column":25},"end":{"line":37,"column":64}},"15":{"start":{"line":38,"column":18},"end":{"line":38,"column":59}},"16":{"start":{"line":39,"column":4},"end":{"line":39,"column":16}},"17":{"start":{"line":60,"column":0},"end":{"line":60,"column":34}}},"fnMap":{"0":{"name":"submitArticle","decl":{"start":{"line":5,"column":9},"end":{"line":5,"column":22}},"loc":{"start":{"line":5,"column":30},"end":{"line":34,"column":1}},"line":5},"1":{"name":"(anonymous_1)","decl":{"start":{"line":28,"column":49},"end":{"line":28,"column":50}},"loc":{"start":{"line":28,"column":53},"end":{"line":28,"column":64}},"line":28},"2":{"name":"closeModalOnSuccess","decl":{"start":{"line":36,"column":9},"end":{"line":36,"column":28}},"loc":{"start":{"line":36,"column":31},"end":{"line":40,"column":1}},"line":36}},"branchMap":{},"s":{"0":1,"1":1,"2":1,"3":1,"4":1,"5":1,"6":1,"7":1,"8":1,"9":1,"10":1,"11":1,"12":0,"13":1,"14":1,"15":1,"16":0,"17":1},"f":{"0":1,"1":1,"2":1},"b":{},"_coverageSchema":"1a1c01bbd47fc00a2c39e90264f33305004495a9","hash":"f593da06414b245919d6190b83b16cc0d01c4804"}
,"E:\\Documents - data drive\\futureproof\\ProjectWeek\\week_1\\anony_blog\\client\\static\\js\\url.js": {"path":"E:\\Documents - data drive\\futureproof\\ProjectWeek\\week_1\\anony_blog\\client\\static\\js\\url.js","statementMap":{"0":{"start":{"line":3,"column":16},"end":{"line":3,"column":39}},"1":{"start":{"line":10,"column":0},"end":{"line":10,"column":27}}},"fnMap":{},"branchMap":{},"s":{"0":1,"1":1},"f":{},"b":{},"_coverageSchema":"1a1c01bbd47fc00a2c39e90264f33305004495a9","hash":"60f92a8cd72cefce65ef7d09b73ef893b67c4b8c"}
}
