{"C:\\Users\\user\\anonyblog\\anony_blog\\client\\static\\js\\cardCreation.js": {"path":"C:\\Users\\user\\anonyblog\\anony_blog\\client\\static\\js\\cardCreation.js","statementMap":{"0":{"start":{"line":2,"column":4},"end":{"line":2,"column":106}},"1":{"start":{"line":2,"column":70},"end":{"line":2,"column":85}},"2":{"start":{"line":8,"column":4},"end":{"line":8,"column":32}},"3":{"start":{"line":11,"column":21},"end":{"line":11,"column":37}},"4":{"start":{"line":12,"column":8},"end":{"line":38,"column":10}},"5":{"start":{"line":13,"column":11},"end":{"line":35,"column":9}},"6":{"start":{"line":14,"column":28},"end":{"line":14,"column":60}},"7":{"start":{"line":17,"column":12},"end":{"line":31,"column":13}},"8":{"start":{"line":19,"column":29},"end":{"line":19,"column":44}},"9":{"start":{"line":20,"column":16},"end":{"line":20,"column":27}},"10":{"start":{"line":23,"column":29},"end":{"line":23,"column":62}},"11":{"start":{"line":26,"column":16},"end":{"line":26,"column":39}},"12":{"start":{"line":29,"column":16},"end":{"line":29,"column":62}},"13":{"start":{"line":32,"column":12},"end":{"line":32,"column":23}},"14":{"start":{"line":34,"column":12},"end":{"line":34,"column":24}},"15":{"start":{"line":41,"column":24},"end":{"line":48,"column":1}},"16":{"start":{"line":43,"column":20},"end":{"line":43,"column":63}},"17":{"start":{"line":44,"column":4},"end":{"line":46,"column":5}},"18":{"start":{"line":45,"column":8},"end":{"line":45,"column":24}},"19":{"start":{"line":51,"column":4},"end":{"line":54,"column":5}},"20":{"start":{"line":55,"column":4},"end":{"line":55,"column":24}},"21":{"start":{"line":57,"column":20},"end":{"line":63,"column":5}},"22":{"start":{"line":65,"column":4},"end":{"line":65,"column":88}},"23":{"start":{"line":65,"column":76},"end":{"line":65,"column":87}},"24":{"start":{"line":69,"column":20},"end":{"line":69,"column":64}},"25":{"start":{"line":70,"column":4},"end":{"line":70,"column":37}},"26":{"start":{"line":71,"column":4},"end":{"line":78,"column":5}},"27":{"start":{"line":71,"column":17},"end":{"line":71,"column":18}},"28":{"start":{"line":73,"column":8},"end":{"line":76,"column":10}},"29":{"start":{"line":74,"column":12},"end":{"line":74,"column":30}},"30":{"start":{"line":75,"column":12},"end":{"line":75,"column":27}},"31":{"start":{"line":82,"column":21},"end":{"line":82,"column":53}},"32":{"start":{"line":83,"column":25},"end":{"line":86,"column":5}},"33":{"start":{"line":87,"column":4},"end":{"line":87,"column":29}},"34":{"start":{"line":88,"column":28},"end":{"line":94,"column":13}},"35":{"start":{"line":95,"column":12},"end":{"line":95,"column":97}},"36":{"start":{"line":95,"column":85},"end":{"line":95,"column":96}},"37":{"start":{"line":99,"column":25},"end":{"line":99,"column":74}},"38":{"start":{"line":101,"column":4},"end":{"line":105,"column":5}},"39":{"start":{"line":101,"column":17},"end":{"line":101,"column":18}},"40":{"start":{"line":102,"column":8},"end":{"line":104,"column":10}},"41":{"start":{"line":103,"column":12},"end":{"line":103,"column":40}},"42":{"start":{"line":109,"column":20},"end":{"line":109,"column":22}},"43":{"start":{"line":110,"column":27},"end":{"line":110,"column":29}},"44":{"start":{"line":111,"column":4},"end":{"line":119,"column":5}},"45":{"start":{"line":112,"column":8},"end":{"line":118,"column":9}},"46":{"start":{"line":113,"column":12},"end":{"line":113,"column":46}},"47":{"start":{"line":114,"column":15},"end":{"line":118,"column":9}},"48":{"start":{"line":115,"column":12},"end":{"line":115,"column":35}},"49":{"start":{"line":117,"column":12},"end":{"line":117,"column":33}},"50":{"start":{"line":120,"column":4},"end":{"line":126,"column":5}},"51":{"start":{"line":122,"column":25},"end":{"line":122,"column":50}},"52":{"start":{"line":123,"column":8},"end":{"line":125,"column":9}},"53":{"start":{"line":124,"column":12},"end":{"line":124,"column":68}},"54":{"start":{"line":127,"column":4},"end":{"line":127,"column":27}},"55":{"start":{"line":131,"column":4},"end":{"line":131,"column":47}},"56":{"start":{"line":133,"column":26},"end":{"line":133,"column":28}},"57":{"start":{"line":134,"column":20},"end":{"line":134,"column":21}},"58":{"start":{"line":135,"column":8},"end":{"line":141,"column":9}},"59":{"start":{"line":136,"column":12},"end":{"line":140,"column":13}},"60":{"start":{"line":137,"column":35},"end":{"line":137,"column":89}},"61":{"start":{"line":138,"column":16},"end":{"line":138,"column":41}},"62":{"start":{"line":139,"column":16},"end":{"line":139,"column":26}},"63":{"start":{"line":142,"column":8},"end":{"line":142,"column":35}},"64":{"start":{"line":144,"column":29},"end":{"line":144,"column":64}},"65":{"start":{"line":145,"column":21},"end":{"line":196,"column":7}},"66":{"start":{"line":197,"column":4},"end":{"line":197,"column":19}},"67":{"start":{"line":201,"column":0},"end":{"line":201,"column":130}}},"fnMap":{"0":{"name":"getAllArticles","decl":{"start":{"line":1,"column":9},"end":{"line":1,"column":23}},"loc":{"start":{"line":1,"column":26},"end":{"line":4,"column":1}},"line":1},"1":{"name":"(anonymous_1)","decl":{"start":{"line":2,"column":56},"end":{"line":2,"column":57}},"loc":{"start":{"line":2,"column":70},"end":{"line":2,"column":85}},"line":2},"2":{"name":"buildDeck","decl":{"start":{"line":7,"column":9},"end":{"line":7,"column":18}},"loc":{"start":{"line":7,"column":21},"end":{"line":39,"column":1}},"line":7},"3":{"name":"(anonymous_3)","decl":{"start":{"line":12,"column":22},"end":{"line":12,"column":23}},"loc":{"start":{"line":12,"column":32},"end":{"line":38,"column":9}},"line":12},"4":{"name":"(anonymous_4)","decl":{"start":{"line":41,"column":24},"end":{"line":41,"column":25}},"loc":{"start":{"line":41,"column":36},"end":{"line":48,"column":1}},"line":41},"5":{"name":"sendComments","decl":{"start":{"line":50,"column":9},"end":{"line":50,"column":21}},"loc":{"start":{"line":50,"column":31},"end":{"line":66,"column":1}},"line":50},"6":{"name":"(anonymous_6)","decl":{"start":{"line":65,"column":70},"end":{"line":65,"column":71}},"loc":{"start":{"line":65,"column":76},"end":{"line":65,"column":87}},"line":65},"7":{"name":"showComments","decl":{"start":{"line":68,"column":9},"end":{"line":68,"column":21}},"loc":{"start":{"line":68,"column":24},"end":{"line":79,"column":1}},"line":68},"8":{"name":"(anonymous_8)","decl":{"start":{"line":73,"column":48},"end":{"line":73,"column":49}},"loc":{"start":{"line":73,"column":55},"end":{"line":76,"column":9}},"line":73},"9":{"name":"constructReactionData","decl":{"start":{"line":81,"column":9},"end":{"line":81,"column":30}},"loc":{"start":{"line":81,"column":38},"end":{"line":96,"column":1}},"line":81},"10":{"name":"(anonymous_10)","decl":{"start":{"line":95,"column":79},"end":{"line":95,"column":80}},"loc":{"start":{"line":95,"column":85},"end":{"line":95,"column":96}},"line":95},"11":{"name":"submitReaction","decl":{"start":{"line":98,"column":9},"end":{"line":98,"column":23}},"loc":{"start":{"line":98,"column":25},"end":{"line":106,"column":1}},"line":98},"12":{"name":"(anonymous_12)","decl":{"start":{"line":102,"column":50},"end":{"line":102,"column":51}},"loc":{"start":{"line":102,"column":61},"end":{"line":104,"column":9}},"line":102},"13":{"name":"reactionsHandler","decl":{"start":{"line":108,"column":9},"end":{"line":108,"column":25}},"loc":{"start":{"line":108,"column":42},"end":{"line":128,"column":1}},"line":108},"14":{"name":"cardTemplate","decl":{"start":{"line":130,"column":9},"end":{"line":130,"column":21}},"loc":{"start":{"line":130,"column":35},"end":{"line":198,"column":1}},"line":130},"15":{"name":"commentLoop","decl":{"start":{"line":132,"column":13},"end":{"line":132,"column":24}},"loc":{"start":{"line":132,"column":27},"end":{"line":143,"column":5}},"line":132}},"branchMap":{"0":{"loc":{"start":{"line":44,"column":4},"end":{"line":46,"column":5}},"type":"if","locations":[{"start":{"line":44,"column":4},"end":{"line":46,"column":5}},{"start":{},"end":{}}],"line":44},"1":{"loc":{"start":{"line":112,"column":8},"end":{"line":118,"column":9}},"type":"if","locations":[{"start":{"line":112,"column":8},"end":{"line":118,"column":9}},{"start":{"line":114,"column":15},"end":{"line":118,"column":9}}],"line":112},"2":{"loc":{"start":{"line":114,"column":15},"end":{"line":118,"column":9}},"type":"if","locations":[{"start":{"line":114,"column":15},"end":{"line":118,"column":9}},{"start":{"line":116,"column":15},"end":{"line":118,"column":9}}],"line":114},"3":{"loc":{"start":{"line":123,"column":8},"end":{"line":125,"column":9}},"type":"if","locations":[{"start":{"line":123,"column":8},"end":{"line":125,"column":9}},{"start":{},"end":{}}],"line":123},"4":{"loc":{"start":{"line":136,"column":12},"end":{"line":140,"column":13}},"type":"if","locations":[{"start":{"line":136,"column":12},"end":{"line":140,"column":13}},{"start":{},"end":{}}],"line":136}},"s":{"0":4,"1":4,"2":3,"3":3,"4":3,"5":3,"6":3,"7":3,"8":0,"9":0,"10":0,"11":0,"12":0,"13":3,"14":0,"15":1,"16":1,"17":1,"18":0,"19":1,"20":1,"21":1,"22":1,"23":1,"24":0,"25":0,"26":0,"27":0,"28":0,"29":0,"30":0,"31":1,"32":1,"33":1,"34":1,"35":1,"36":1,"37":0,"38":0,"39":0,"40":0,"41":0,"42":0,"43":0,"44":0,"45":0,"46":0,"47":0,"48":0,"49":0,"50":0,"51":0,"52":0,"53":0,"54":0,"55":0,"56":0,"57":0,"58":0,"59":0,"60":0,"61":0,"62":0,"63":0,"64":0,"65":0,"66":0,"67":1},"f":{"0":4,"1":4,"2":3,"3":3,"4":1,"5":1,"6":1,"7":0,"8":0,"9":1,"10":1,"11":0,"12":0,"13":0,"14":0,"15":0},"b":{"0":[0,1],"1":[0,0],"2":[0,0],"3":[0,0],"4":[0,0]},"_coverageSchema":"1a1c01bbd47fc00a2c39e90264f33305004495a9","hash":"85bb51135a9a1c7c9c4adb59f7bf0b27305e31dd"}
,"C:\\Users\\user\\anonyblog\\anony_blog\\client\\static\\js\\handler.js": {"path":"C:\\Users\\user\\anonyblog\\anony_blog\\client\\static\\js\\handler.js","statementMap":{"0":{"start":{"line":1,"column":22},"end":{"line":1,"column":47}},"1":{"start":{"line":4,"column":4},"end":{"line":4,"column":26}},"2":{"start":{"line":5,"column":4},"end":{"line":5,"column":33}},"3":{"start":{"line":6,"column":4},"end":{"line":30,"column":5}},"4":{"start":{"line":7,"column":28},"end":{"line":14,"column":9}},"5":{"start":{"line":15,"column":8},"end":{"line":15,"column":49}},"6":{"start":{"line":16,"column":24},"end":{"line":22,"column":9}},"7":{"start":{"line":25,"column":8},"end":{"line":25,"column":76}},"8":{"start":{"line":25,"column":64},"end":{"line":25,"column":75}},"9":{"start":{"line":26,"column":8},"end":{"line":26,"column":29}},"10":{"start":{"line":27,"column":8},"end":{"line":27,"column":58}},"11":{"start":{"line":29,"column":8},"end":{"line":29,"column":21}},"12":{"start":{"line":34,"column":25},"end":{"line":34,"column":64}},"13":{"start":{"line":35,"column":18},"end":{"line":35,"column":59}},"14":{"start":{"line":36,"column":4},"end":{"line":36,"column":16}},"15":{"start":{"line":40,"column":0},"end":{"line":40,"column":34}}},"fnMap":{"0":{"name":"submitArticle","decl":{"start":{"line":3,"column":9},"end":{"line":3,"column":22}},"loc":{"start":{"line":3,"column":30},"end":{"line":31,"column":1}},"line":3},"1":{"name":"(anonymous_1)","decl":{"start":{"line":25,"column":60},"end":{"line":25,"column":61}},"loc":{"start":{"line":25,"column":64},"end":{"line":25,"column":75}},"line":25},"2":{"name":"closeModalOnSuccess","decl":{"start":{"line":33,"column":9},"end":{"line":33,"column":28}},"loc":{"start":{"line":33,"column":31},"end":{"line":37,"column":1}},"line":33}},"branchMap":{},"s":{"0":1,"1":1,"2":1,"3":1,"4":1,"5":1,"6":1,"7":1,"8":1,"9":1,"10":0,"11":1,"12":1,"13":1,"14":0,"15":1},"f":{"0":1,"1":1,"2":1},"b":{},"_coverageSchema":"1a1c01bbd47fc00a2c39e90264f33305004495a9","hash":"7bf4771a63ad9cb001dfebdecf0c6364e94ee945"}
}
