TN:
SF:static\js\cardCreation.js
FN:4,getAllArticles
FN:5,(anonymous_1)
FN:10,buildDeck
FN:14,(anonymous_3)
FN:44,(anonymous_4)
FN:53,sendComments
FN:68,(anonymous_6)
FN:71,showComments
FN:76,(anonymous_8)
FN:84,constructReactionData
FN:98,(anonymous_10)
FN:101,submitReaction
FN:105,(anonymous_12)
FN:111,reactionsHandler
FN:133,cardTemplate
FN:135,commentLoop
FNF:16
FNH:9
FNDA:4,getAllArticles
FNDA:4,(anonymous_1)
FNDA:3,buildDeck
FNDA:3,(anonymous_3)
FNDA:1,(anonymous_4)
FNDA:1,sendComments
FNDA:1,(anonymous_6)
FNDA:0,showComments
FNDA:0,(anonymous_8)
FNDA:1,constructReactionData
FNDA:1,(anonymous_10)
FNDA:0,submitReaction
FNDA:0,(anonymous_12)
FNDA:0,reactionsHandler
FNDA:0,cardTemplate
FNDA:0,commentLoop
DA:1,1
DA:5,4
DA:11,3
DA:13,3
DA:14,3
DA:15,3
DA:17,3
DA:20,3
DA:22,0
DA:23,0
DA:26,0
DA:29,0
DA:32,0
DA:35,3
DA:37,0
DA:44,1
DA:46,1
DA:47,1
DA:48,0
DA:54,1
DA:58,1
DA:60,1
DA:68,1
DA:72,0
DA:73,0
DA:74,0
DA:76,0
DA:77,0
DA:78,0
DA:85,1
DA:86,1
DA:90,1
DA:91,1
DA:98,1
DA:102,0
DA:104,0
DA:105,0
DA:106,0
DA:112,0
DA:113,0
DA:114,0
DA:115,0
DA:116,0
DA:117,0
DA:118,0
DA:120,0
DA:123,0
DA:125,0
DA:126,0
DA:127,0
DA:130,0
DA:134,0
DA:136,0
DA:137,0
DA:138,0
DA:139,0
DA:140,0
DA:141,0
DA:142,0
DA:145,0
DA:147,0
DA:148,0
DA:200,0
DA:204,1
LF:64
LH:22
BRDA:47,0,0,0
BRDA:47,0,1,1
BRDA:115,1,0,0
BRDA:115,1,1,0
BRDA:117,2,0,0
BRDA:117,2,1,0
BRDA:126,3,0,0
BRDA:126,3,1,0
BRDA:139,4,0,0
BRDA:139,4,1,0
BRF:10
BRH:1
end_of_record
TN:
SF:static\js\handler.js
FN:5,submitArticle
FN:28,(anonymous_1)
FN:36,closeModalOnSuccess
FNF:3
FNH:3
FNDA:1,submitArticle
FNDA:1,(anonymous_1)
FNDA:1,closeModalOnSuccess
DA:1,1
DA:2,1
DA:6,1
DA:7,1
DA:8,1
DA:9,1
DA:10,1
DA:18,1
DA:19,1
DA:28,1
DA:29,1
DA:30,0
DA:32,1
DA:37,1
DA:38,1
DA:39,0
DA:60,1
LF:17
LH:15
BRF:0
BRH:0
end_of_record
TN:
SF:static\js\url.js
FNF:0
FNH:0
DA:3,1
DA:10,1
LF:2
LH:2
BRF:0
BRH:0
end_of_record
