TN:
SF:static\js\cardCreation.js
FN:1,getAllArticles
FN:2,(anonymous_1)
FN:7,buildDeck
FN:12,(anonymous_3)
FN:41,(anonymous_4)
FN:50,sendComments
FN:65,(anonymous_6)
FN:68,showComments
FN:73,(anonymous_8)
FN:81,constructReactionData
FN:95,(anonymous_10)
FN:98,submitReaction
FN:102,(anonymous_12)
FN:108,reactionsHandler
FN:130,cardTemplate
FN:132,commentLoop
FNF:16
FNH:9
FNDA:4,getAllArticles
FNDA:4,(anonymous_1)
FNDA:3,buildDeck
FNDA:3,(anonymous_3)
FNDA:1,(anonymous_4)
FNDA:1,sendComments
FNDA:1,(anonymous_6)
FNDA:0,showComments
FNDA:0,(anonymous_8)
FNDA:1,constructReactionData
FNDA:1,(anonymous_10)
FNDA:0,submitReaction
FNDA:0,(anonymous_12)
FNDA:0,reactionsHandler
FNDA:0,cardTemplate
FNDA:0,commentLoop
DA:2,4
DA:8,3
DA:11,3
DA:12,3
DA:13,3
DA:14,3
DA:17,3
DA:19,0
DA:20,0
DA:23,0
DA:26,0
DA:29,0
DA:32,3
DA:34,0
DA:41,1
DA:43,1
DA:44,1
DA:45,0
DA:51,1
DA:55,1
DA:57,1
DA:65,1
DA:69,0
DA:70,0
DA:71,0
DA:73,0
DA:74,0
DA:75,0
DA:82,1
DA:83,1
DA:87,1
DA:88,1
DA:95,1
DA:99,0
DA:101,0
DA:102,0
DA:103,0
DA:109,0
DA:110,0
DA:111,0
DA:112,0
DA:113,0
DA:114,0
DA:115,0
DA:117,0
DA:120,0
DA:122,0
DA:123,0
DA:124,0
DA:127,0
DA:131,0
DA:133,0
DA:134,0
DA:135,0
DA:136,0
DA:137,0
DA:138,0
DA:139,0
DA:142,0
DA:144,0
DA:145,0
DA:197,0
DA:201,1
LF:63
LH:21
BRDA:44,0,0,0
BRDA:44,0,1,1
BRDA:112,1,0,0
BRDA:112,1,1,0
BRDA:114,2,0,0
BRDA:114,2,1,0
BRDA:123,3,0,0
BRDA:123,3,1,0
BRDA:136,4,0,0
BRDA:136,4,1,0
BRF:10
BRH:1
end_of_record
TN:
SF:static\js\handler.js
FN:3,submitArticle
FN:25,(anonymous_1)
FN:33,closeModalOnSuccess
FN:39,successAlert
FNF:4
FNH:3
FNDA:1,submitArticle
FNDA:1,(anonymous_1)
FNDA:1,closeModalOnSuccess
FNDA:0,successAlert
DA:1,1
DA:4,1
DA:5,1
DA:6,1
DA:7,1
DA:15,1
DA:16,1
DA:25,1
DA:26,1
DA:27,0
DA:29,1
DA:34,1
DA:35,1
DA:36,0
DA:40,0
DA:41,0
DA:42,0
DA:44,0
DA:45,0
DA:46,0
DA:47,0
DA:48,0
DA:50,0
DA:52,0
DA:53,0
DA:54,0
DA:57,1
LF:27
LH:13
BRF:0
BRH:0
end_of_record
